<?xml version="1.0" encoding="UTF-8"?>
<!-- Generated by org.testng.reporters.JUnitXMLReporter -->
<testsuite ignored="0" hostname="DESKTOP-978GMHI" failures="1" tests="2" name="Test" time="42.219" errors="0" timestamp="2026-05-18T16:30:39 IST">
  <testcase classname="testCases.TC001_Account_Reg_page" name="test" time="12.298"/>
  <testcase classname="testCases.TC002_LoginTest" name="verify_logintest" time="13.36">
    <failure type="java.lang.AssertionError" message="Log In Failed expected [true] but found [false]">
      <![CDATA[java.lang.AssertionError: Log In Failed expected [true] but found [false]
at testCases.TC002_LoginTest.verify_logintest(TC002_LoginTest.java:38)
at java.base/java.util.ArrayList.forEach(ArrayList.java:1596)
... Removed 31 stack frames]]>
    </failure>
  </testcase> <!-- verify_logintest -->
</testsuite> <!-- Test -->
